<?xml version="1.0" encoding="UTF-8"?>
<!-- Generated by org.testng.reporters.JUnitReportReporter -->
<testsuite skipped="0" hostname="DESKTOP-L3D1IKQ" name="com.test.TestNGFeatures" tests="4" failures="0" timestamp="2020-07-13T00:22:42 AEST" time="0.049" errors="0">
  <testcase name="homePageTest" time="0.004" classname="com.test.TestNGFeatures"/>
  <system-out/>
  <testcase name="regPageTest" time="0.013" classname="com.test.TestNGFeatures"/>
  <system-out/>
  <testcase name="loginTest" time="0.006" classname="com.test.TestNGFeatures"/>
  <system-out/>
  <testcase name="searchPageTest" time="0.026" classname="com.test.TestNGFeatures"/>
  <system-out/>
</testsuite> <!-- com.test.TestNGFeatures -->
