<?xml version="1.0" encoding="UTF-8"?>
<!-- Generated by org.testng.reporters.JUnitReportReporter -->
<testsuite skipped="0" hostname="DESKTOP-L3D1IKQ" name="com.parameters.ParameterTest" tests="1" failures="0" timestamp="2020-07-13T00:57:00 AEST" time="39.797" errors="0">
  <testcase name="crmLoginTest" time="39.797" classname="com.parameters.ParameterTest"/>
  <system-out/>
</testsuite> <!-- com.parameters.ParameterTest -->
