<?xml version="1.0" encoding="UTF-8"?>
<!-- Generated by org.testng.reporters.JUnitReportReporter -->
<testsuite skipped="0" hostname="DESKTOP-L3D1IKQ" name="com.test.TestNGBasics" tests="3" failures="0" timestamp="2020-07-13T00:22:42 AEST" time="0.035" errors="0">
  <testcase name="googleTitleTest" time="0.014" classname="com.test.TestNGBasics"/>
  <system-out/>
  <testcase name="searchTest" time="0.008" classname="com.test.TestNGBasics"/>
  <system-out/>
  <testcase name="goggleLogoTest" time="0.013" classname="com.test.TestNGBasics"/>
  <system-out/>
</testsuite> <!-- com.test.TestNGBasics -->
