<?xml version="1.0" encoding="UTF-8"?>
<!-- Generated by org.testng.reporters.JUnitReportReporter -->
<testsuite skipped="0" hostname="DESKTOP-L3D1IKQ" name="com.parameters.HalfEbayTest" tests="5" failures="0" timestamp="2020-07-18T16:02:20 AEST" time="189.541" errors="0">
  <testcase name="halfEbayRegister" time="30.781" classname="com.parameters.HalfEbayTest"/>
  <system-out/>
  <testcase name="halfEbayRegister" time="76.664" classname="com.parameters.HalfEbayTest"/>
  <system-out/>
  <testcase name="halfEbayRegister" time="27.118" classname="com.parameters.HalfEbayTest"/>
  <system-out/>
  <testcase name="halfEbayRegister" time="29.703" classname="com.parameters.HalfEbayTest"/>
  <system-out/>
  <testcase name="halfEbayRegister" time="25.275" classname="com.parameters.HalfEbayTest"/>
  <system-out/>
</testsuite> <!-- com.parameters.HalfEbayTest -->
