<?xml version="1.0" encoding="UTF-8"?>
<!-- Generated by org.testng.reporters.JUnitReportReporter -->
<testsuite skipped="0" hostname="DESKTOP-L3D1IKQ" name="com.test.ExceptionTimeoutTest" tests="1" failures="0" timestamp="2020-07-13T00:22:42 AEST" time="0.008" errors="0">
  <testcase name="test1" time="0.008" classname="com.test.ExceptionTimeoutTest"/>
  <system-out/>
</testsuite> <!-- com.test.ExceptionTimeoutTest -->
