<?xml version="1.0" encoding="UTF-8"?>
<!-- Generated by org.testng.reporters.JUnitReportReporter -->
<testsuite skipped="0" hostname="DESKTOP-L3D1IKQ" name="com.test.GoogleTest" tests="5" failures="0" timestamp="2020-07-13T00:22:42 AEST" time="196.390" errors="0">
  <testcase name="goggleLogoTest" time="30.389" classname="com.test.GoogleTest"/>
  <system-out/>
  <testcase name="goggleTitleTest" time="52.842" classname="com.test.GoogleTest"/>
  <system-out/>
  <testcase name="test1" time="32.405" classname="com.test.GoogleTest"/>
  <system-out/>
  <testcase name="test2" time="48.233" classname="com.test.GoogleTest"/>
  <system-out/>
  <testcase name="test3" time="32.521" classname="com.test.GoogleTest"/>
  <system-out/>
</testsuite> <!-- com.test.GoogleTest -->
