<?xml version="1.0" encoding="UTF-8"?>
<!-- Generated by org.testng.reporters.JUnitReportReporter -->
<testsuite skipped="0" hostname="DESKTOP-L3D1IKQ" name="com.test.InvocationCountTest" tests="10" failures="0" timestamp="2020-07-13T00:22:42 AEST" time="0.142" errors="0">
  <testcase name="sum" time="0.009" classname="com.test.InvocationCountTest"/>
  <system-out/>
  <testcase name="sum" time="0.004" classname="com.test.InvocationCountTest"/>
  <system-out/>
  <testcase name="sum" time="0.004" classname="com.test.InvocationCountTest"/>
  <system-out/>
  <testcase name="sum" time="0.009" classname="com.test.InvocationCountTest"/>
  <system-out/>
  <testcase name="sum" time="0.006" classname="com.test.InvocationCountTest"/>
  <system-out/>
  <testcase name="sum" time="0.081" classname="com.test.InvocationCountTest"/>
  <system-out/>
  <testcase name="sum" time="0.010" classname="com.test.InvocationCountTest"/>
  <system-out/>
  <testcase name="sum" time="0.013" classname="com.test.InvocationCountTest"/>
  <system-out/>
  <testcase name="sum" time="0.003" classname="com.test.InvocationCountTest"/>
  <system-out/>
  <testcase name="sum" time="0.003" classname="com.test.InvocationCountTest"/>
  <system-out/>
</testsuite> <!-- com.test.InvocationCountTest -->
